[debug] [2020-06-26T14:02:10.244Z] ----------------------------------------------------------------------
[debug] [2020-06-26T14:02:10.246Z] Command:       /usr/local/bin/node /usr/local/bin/firebase deploy
[debug] [2020-06-26T14:02:10.247Z] CLI Version:   8.4.3
[debug] [2020-06-26T14:02:10.247Z] Platform:      linux
[debug] [2020-06-26T14:02:10.247Z] Node Version:  v14.4.0
[debug] [2020-06-26T14:02:10.248Z] Time:          Fri Jun 26 2020 17:02:10 GMT+0300 (GMT+03:00)
[debug] [2020-06-26T14:02:10.248Z] ----------------------------------------------------------------------
[debug] [2020-06-26T14:02:10.248Z] 
[debug] [2020-06-26T14:02:10.255Z] > command requires scopes: ["email","openid","https://www.googleapis.com/auth/cloudplatformprojects.readonly","https://www.googleapis.com/auth/firebase","https://www.googleapis.com/auth/cloud-platform"]
[debug] [2020-06-26T14:02:10.256Z] > authorizing via signed-in user
[debug] [2020-06-26T14:02:10.256Z] [iam] checking project million-meter-challenge for permissions ["cloudfunctions.functions.create","cloudfunctions.functions.delete","cloudfunctions.functions.get","cloudfunctions.functions.list","cloudfunctions.functions.update","cloudfunctions.operations.get","firebase.projects.get","firebasehosting.sites.update"]
[debug] [2020-06-26T14:02:10.258Z] >>> HTTP REQUEST POST https://cloudresourcemanager.googleapis.com/v1/projects/million-meter-challenge:testIamPermissions  
 {"permissions":["cloudfunctions.functions.create","cloudfunctions.functions.delete","cloudfunctions.functions.get","cloudfunctions.functions.list","cloudfunctions.functions.update","cloudfunctions.operations.get","firebase.projects.get","firebasehosting.sites.update"]}
[debug] [2020-06-26T14:02:10.898Z] <<< HTTP RESPONSE 200 {"content-type":"application/json; charset=UTF-8","vary":"X-Origin, Referer, Origin,Accept-Encoding","date":"Fri, 26 Jun 2020 14:02:10 GMT","server":"ESF","cache-control":"private","x-xss-protection":"0","x-frame-options":"SAMEORIGIN","x-content-type-options":"nosniff","server-timing":"gfet4t7; dur=135","alt-svc":"h3-27=\":443\"; ma=2592000,h3-25=\":443\"; ma=2592000,h3-T050=\":443\"; ma=2592000,h3-Q050=\":443\"; ma=2592000,h3-Q046=\":443\"; ma=2592000,h3-Q043=\":443\"; ma=2592000,quic=\":443\"; ma=2592000; v=\"46,43\"","accept-ranges":"none","transfer-encoding":"chunked"}
[debug] [2020-06-26T14:02:10.903Z] >>> HTTP REQUEST POST https://iam.googleapis.com/v1/projects/million-meter-challenge/serviceAccounts/million-meter-challenge@appspot.gserviceaccount.com:testIamPermissions  
 {"permissions":["iam.serviceAccounts.actAs"]}
[debug] [2020-06-26T14:02:11.943Z] <<< HTTP RESPONSE 200 {"content-type":"application/json; charset=UTF-8","vary":"X-Origin, Referer, Origin,Accept-Encoding","date":"Fri, 26 Jun 2020 14:02:11 GMT","server":"ESF","cache-control":"private","x-xss-protection":"0","x-frame-options":"SAMEORIGIN","x-content-type-options":"nosniff","alt-svc":"h3-27=\":443\"; ma=2592000,h3-25=\":443\"; ma=2592000,h3-T050=\":443\"; ma=2592000,h3-Q050=\":443\"; ma=2592000,h3-Q046=\":443\"; ma=2592000,h3-Q043=\":443\"; ma=2592000,quic=\":443\"; ma=2592000; v=\"46,43\"","accept-ranges":"none","transfer-encoding":"chunked"}
[debug] [2020-06-26T14:02:11.946Z] >>> HTTP REQUEST GET https://firebase.googleapis.com/v1beta1/projects/million-meter-challenge  
 
[debug] [2020-06-26T14:02:12.659Z] <<< HTTP RESPONSE 200 {"content-type":"application/json; charset=UTF-8","vary":"X-Origin, Referer, Origin,Accept-Encoding","date":"Fri, 26 Jun 2020 14:02:12 GMT","server":"ESF","cache-control":"private","x-xss-protection":"0","x-frame-options":"SAMEORIGIN","x-content-type-options":"nosniff","alt-svc":"h3-27=\":443\"; ma=2592000,h3-25=\":443\"; ma=2592000,h3-T050=\":443\"; ma=2592000,h3-Q050=\":443\"; ma=2592000,h3-Q046=\":443\"; ma=2592000,h3-Q043=\":443\"; ma=2592000,quic=\":443\"; ma=2592000; v=\"46,43\"","accept-ranges":"none","transfer-encoding":"chunked"}
[info] 
[info] === Deploying to 'million-meter-challenge'...
[info] 
[info] i  deploying functions, hosting 
[info] ✔  functions: Finished running predeploy script. 
[debug] [2020-06-26T14:02:14.591Z] > [functions] package.json contents: {
  "name": "functions",
  "description": "Cloud Functions for Firebase",
  "scripts": {
    "lint": "eslint .",
    "serve": "firebase emulators:start --only functions",
    "shell": "firebase functions:shell",
    "start": "npm run shell",
    "deploy": "firebase deploy --only functions",
    "logs": "firebase functions:log"
  },
  "engines": {
    "node": "10"
  },
  "dependencies": {
    "firebase-admin": "^8.10.0",
    "firebase-functions": "^3.6.1",
    "client-oauth2": "^4.3.0"
  },
  "devDependencies": {
    "eslint": "^5.12.0",
    "eslint-plugin-promise": "^4.0.1",
    "firebase-functions-test": "^0.2.0"
  },
  "private": true
}
[info] i  functions: ensuring required API cloudfunctions.googleapis.com is enabled... 
[debug] [2020-06-26T14:02:16.730Z] [functions] runtime dependency check dates: warning: 2020-05-21T00:00:00.000Z error: 2020-08-17T00:00:00.000Z
[info] i  functions: ensuring required API cloudbuild.googleapis.com is enabled... 
[debug] [2020-06-26T14:02:16.731Z] >>> HTTP REQUEST GET https://serviceusage.googleapis.com/v1/projects/million-meter-challenge/services/cloudfunctions.googleapis.com  
 
[debug] [2020-06-26T14:02:16.731Z] >>> HTTP REQUEST GET https://serviceusage.googleapis.com/v1/projects/million-meter-challenge/services/runtimeconfig.googleapis.com  
 
[debug] [2020-06-26T14:02:16.732Z] >>> HTTP REQUEST GET https://serviceusage.googleapis.com/v1/projects/million-meter-challenge/services/cloudbuild.googleapis.com  
 
